DEBUG:root:Model path: /home/uizwmuha/bucket/my_picasso_test/ESPCN_x3.pb
INFO:root:Image enhanced and saved to ./Output/random_frame_with_crop.jpg
DEBUG:root:Model path: /home/uizwmuha/bucket/my_picasso_test/ESPCN_x3.pb
INFO:root:Image enhanced and saved to ./Output/random_frame_with_crop.jpg
DEBUG:root:Model path: /home/uizwmuha/bucket/my_picasso_test/ESPCN_x3.pb
INFO:root:Image enhanced and saved to ./Output/random_frame_with_crop.jpg
DEBUG:root:Model path: /home/uizwmuha/bucket/my_picasso_test/ESPCN_x3.pb
INFO:root:Image enhanced and saved to ./Output/random_frame_with_crop.jpg
DEBUG:root:Model path: /home/uizwmuha/bucket/my_picasso_test/ESPCN_x3.pb
ERROR:root:Error enhancing the image: OpenCV(4.9.0) /io/opencv/modules/imgproc/src/smooth.dispatch.cpp:293: error: (-215:Assertion failed) ksize.width > 0 && ksize.width % 2 == 1 && ksize.height > 0 && ksize.height % 2 == 1 in function 'createGaussianKernels'

DEBUG:root:Model path: /home/uizwmuha/bucket/my_picasso_test/ESPCN_x3.pb
INFO:root:Image enhanced and saved to ./Output/random_frame_with_crop.jpg
DEBUG:root:Model path: /home/uizwmuha/bucket/my_picasso_test/ESPCN_x3.pb
ERROR:root:Error enhancing the image: OpenCV(4.9.0) /io/opencv/modules/imgproc/src/smooth.dispatch.cpp:293: error: (-215:Assertion failed) ksize.width > 0 && ksize.width % 2 == 1 && ksize.height > 0 && ksize.height % 2 == 1 in function 'createGaussianKernels'

DEBUG:root:Model path: /home/uizwmuha/bucket/my_picasso_test/ESPCN_x3.pb
ERROR:root:Error enhancing the image: OpenCV(4.9.0) /io/opencv/modules/imgproc/src/smooth.dispatch.cpp:293: error: (-215:Assertion failed) ksize.width > 0 && ksize.width % 2 == 1 && ksize.height > 0 && ksize.height % 2 == 1 in function 'createGaussianKernels'

DEBUG:root:Model path: /home/uizwmuha/bucket/my_picasso_test/ESPCN_x3.pb
ERROR:root:Error enhancing the image: OpenCV(4.9.0) /io/opencv/modules/imgproc/src/smooth.dispatch.cpp:293: error: (-215:Assertion failed) ksize.width > 0 && ksize.width % 2 == 1 && ksize.height > 0 && ksize.height % 2 == 1 in function 'createGaussianKernels'

DEBUG:root:Model path: /home/uizwmuha/bucket/my_picasso_test/ESPCN_x3.pb
ERROR:root:Error enhancing the image: OpenCV(4.9.0) /io/opencv/modules/imgproc/src/smooth.dispatch.cpp:293: error: (-215:Assertion failed) ksize.width > 0 && ksize.width % 2 == 1 && ksize.height > 0 && ksize.height % 2 == 1 in function 'createGaussianKernels'

DEBUG:root:Model path: /home/uizwmuha/bucket/my_picasso_test/ESPCN_x3.pb
ERROR:root:Error enhancing the image: OpenCV(4.9.0) /io/opencv/modules/imgproc/src/smooth.dispatch.cpp:293: error: (-215:Assertion failed) ksize.width > 0 && ksize.width % 2 == 1 && ksize.height > 0 && ksize.height % 2 == 1 in function 'createGaussianKernels'

DEBUG:root:Model path: /home/uizwmuha/bucket/my_picasso_test/ESPCN_x3.pb
ERROR:root:Error enhancing the image: OpenCV(4.9.0) /io/opencv/modules/imgproc/src/smooth.dispatch.cpp:293: error: (-215:Assertion failed) ksize.width > 0 && ksize.width % 2 == 1 && ksize.height > 0 && ksize.height % 2 == 1 in function 'createGaussianKernels'

DEBUG:root:Model path: /home/uizwmuha/bucket/my_picasso_test/ESPCN_x3.pb
ERROR:root:Error enhancing the image: OpenCV(4.9.0) /io/opencv/modules/imgproc/src/smooth.dispatch.cpp:293: error: (-215:Assertion failed) ksize.width > 0 && ksize.width % 2 == 1 && ksize.height > 0 && ksize.height % 2 == 1 in function 'createGaussianKernels'

DEBUG:root:Model path: /home/uizwmuha/bucket/my_picasso_test/ESPCN_x3.pb
ERROR:root:Error enhancing the image: OpenCV(4.9.0) /io/opencv/modules/imgproc/src/smooth.dispatch.cpp:293: error: (-215:Assertion failed) ksize.width > 0 && ksize.width % 2 == 1 && ksize.height > 0 && ksize.height % 2 == 1 in function 'createGaussianKernels'

DEBUG:root:Model path: /home/uizwmuha/bucket/my_picasso_test/ESPCN_x3.pb
ERROR:root:Error enhancing the image: OpenCV(4.9.0) /io/opencv/modules/imgproc/src/smooth.dispatch.cpp:293: error: (-215:Assertion failed) ksize.width > 0 && ksize.width % 2 == 1 && ksize.height > 0 && ksize.height % 2 == 1 in function 'createGaussianKernels'

DEBUG:root:Model path: /home/uizwmuha/bucket/my_picasso_test/ESPCN_x3.pb
DEBUG:root:Applying unsharp mask with amount: 1
ERROR:root:Error enhancing the image: OpenCV(4.9.0) /io/opencv/modules/imgproc/src/smooth.dispatch.cpp:293: error: (-215:Assertion failed) ksize.width > 0 && ksize.width % 2 == 1 && ksize.height > 0 && ksize.height % 2 == 1 in function 'createGaussianKernels'

DEBUG:root:Model path: /home/uizwmuha/bucket/my_picasso_test/ESPCN_x3.pb
DEBUG:root:Applying unsharp mask with amount: 1
ERROR:root:Error enhancing the image: OpenCV(4.9.0) /io/opencv/modules/imgproc/src/smooth.dispatch.cpp:293: error: (-215:Assertion failed) ksize.width > 0 && ksize.width % 2 == 1 && ksize.height > 0 && ksize.height % 2 == 1 in function 'createGaussianKernels'

DEBUG:root:Model path: /home/uizwmuha/bucket/my_picasso_test/ESPCN_x3.pb
ERROR:root:Error enhancing the image: OpenCV(4.9.0) /io/opencv/modules/imgproc/src/smooth.dispatch.cpp:293: error: (-215:Assertion failed) ksize.width > 0 && ksize.width % 2 == 1 && ksize.height > 0 && ksize.height % 2 == 1 in function 'createGaussianKernels'

DEBUG:root:Model path: /home/uizwmuha/bucket/my_picasso_test/ESPCN_x3.pb
ERROR:root:Error enhancing the image: OpenCV(4.9.0) /io/opencv/modules/imgproc/src/smooth.dispatch.cpp:293: error: (-215:Assertion failed) ksize.width > 0 && ksize.width % 2 == 1 && ksize.height > 0 && ksize.height % 2 == 1 in function 'createGaussianKernels'

DEBUG:root:Model path: /home/uizwmuha/bucket/my_picasso_test/ESPCN_x3.pb
INFO:root:Image enhanced and saved to ./Output/random_frame_with_crop.jpg
DEBUG:root:Model path: /home/uizwmuha/bucket/my_picasso_test/ESPCN_x3.pb
INFO:root:Image enhanced and saved to ./Output/random_frame_with_crop.jpg
DEBUG:root:Model path: /home/uizwmuha/bucket/my_picasso_test/ESPCN_x3.pb
DEBUG:root:Model path: /home/uizwmuha/bucket/my_picasso_test/ESPCN_x3.pb
INFO:root:Image enhanced and saved to ./Output/random_frame_with_crop.jpg
DEBUG:root:Model path: /home/uizwmuha/bucket/my_picasso_test/ESPCN_x3.pb
INFO:root:Image enhanced and saved to ./Output/random_frame_with_crop.jpg
DEBUG:root:Model path: /home/uizwmuha/bucket/my_picasso_test/ESPCN_x3.pb
INFO:root:Image enhanced and saved to ./Output/random_frame_with_crop.jpg
DEBUG:root:Model path: /home/uizwmuha/bucket/my_picasso_test/ESPCN_x3.pb
INFO:root:Image enhanced and saved to ./Output/random_frame_with_crop.jpg
DEBUG:root:Model path: /home/uizwmuha/bucket/my_picasso_test/ESPCN_x3.pb
ERROR:root:Error enhancing the image: OpenCV(4.9.0) /io/opencv/modules/imgproc/src/smooth.dispatch.cpp:293: error: (-215:Assertion failed) ksize.width > 0 && ksize.width % 2 == 1 && ksize.height > 0 && ksize.height % 2 == 1 in function 'createGaussianKernels'

DEBUG:root:Model path: /home/uizwmuha/bucket/my_picasso_test/ESPCN_x3.pb
ERROR:root:Error enhancing the image: OpenCV(4.9.0) /io/opencv/modules/imgproc/src/smooth.dispatch.cpp:293: error: (-215:Assertion failed) ksize.width > 0 && ksize.width % 2 == 1 && ksize.height > 0 && ksize.height % 2 == 1 in function 'createGaussianKernels'

DEBUG:root:Model path: /home/uizwmuha/bucket/my_picasso_test/ESPCN_x3.pb
ERROR:root:Error enhancing the image: OpenCV(4.9.0) /io/opencv/modules/imgproc/src/smooth.dispatch.cpp:293: error: (-215:Assertion failed) ksize.width > 0 && ksize.width % 2 == 1 && ksize.height > 0 && ksize.height % 2 == 1 in function 'createGaussianKernels'

DEBUG:root:Model path: /home/uizwmuha/bucket/my_picasso_test/ESPCN_x3.pb
ERROR:root:Error enhancing the image: OpenCV(4.9.0) /io/opencv/modules/imgproc/src/smooth.dispatch.cpp:293: error: (-215:Assertion failed) ksize.width > 0 && ksize.width % 2 == 1 && ksize.height > 0 && ksize.height % 2 == 1 in function 'createGaussianKernels'

DEBUG:root:Model path: /home/uizwmuha/bucket/my_picasso_test/ESPCN_x3.pb
ERROR:root:Error enhancing the image: OpenCV(4.9.0) /io/opencv/modules/imgproc/src/smooth.dispatch.cpp:293: error: (-215:Assertion failed) ksize.width > 0 && ksize.width % 2 == 1 && ksize.height > 0 && ksize.height % 2 == 1 in function 'createGaussianKernels'

DEBUG:root:Model path: /home/uizwmuha/bucket/my_picasso_test/ESPCN_x3.pb
ERROR:root:Error enhancing the image: OpenCV(4.9.0) /io/opencv/modules/imgproc/src/smooth.dispatch.cpp:293: error: (-215:Assertion failed) ksize.width > 0 && ksize.width % 2 == 1 && ksize.height > 0 && ksize.height % 2 == 1 in function 'createGaussianKernels'

DEBUG:root:Model path: /home/uizwmuha/bucket/my_picasso_test/ESPCN_x3.pb
ERROR:root:Error enhancing the image: all the input array dimensions except for the concatenation axis must match exactly, but along dimension 1, the array at index 0 has size 1920 and the array at index 1 has size 640
DEBUG:root:Model path: /home/uizwmuha/bucket/my_picasso_test/ESPCN_x3.pb
ERROR:root:Error enhancing the image: OpenCV(4.9.0) /io/opencv/modules/imgproc/src/smooth.dispatch.cpp:293: error: (-215:Assertion failed) ksize.width > 0 && ksize.width % 2 == 1 && ksize.height > 0 && ksize.height % 2 == 1 in function 'createGaussianKernels'

DEBUG:root:Model path: /home/uizwmuha/bucket/my_picasso_test/ESPCN_x3.pb
ERROR:root:Error enhancing the image: OpenCV(4.9.0) /io/opencv/modules/imgproc/src/smooth.dispatch.cpp:293: error: (-215:Assertion failed) ksize.width > 0 && ksize.width % 2 == 1 && ksize.height > 0 && ksize.height % 2 == 1 in function 'createGaussianKernels'

DEBUG:root:Model path: /home/uizwmuha/bucket/my_picasso_test/ESPCN_x3.pb
INFO:root:Image enhanced and saved to ./Output/random_frame_with_crop.jpg
DEBUG:root:Model path: /home/uizwmuha/bucket/my_picasso_test/ESPCN_x3.pb
INFO:root:Image enhanced and saved to ./Output/random_frame_with_crop.jpg
DEBUG:root:Model path: /home/uizwmuha/bucket/my_picasso_test/ESPCN_x3.pb
INFO:root:Image enhanced and saved to ./Output/random_frame_with_crop.jpg
DEBUG:root:Model path: /home/uizwmuha/bucket/my_picasso_test/ESPCN_x3.pb
INFO:root:Image enhanced and saved to ./Output/random_frame_with_crop.jpg
DEBUG:root:Model path: /home/uizwmuha/bucket/my_picasso_test/ESPCN_x3.pb
INFO:root:Image enhanced and saved to ./Output/random_frame_with_crop.jpg
DEBUG:root:Model path: /home/uizwmuha/bucket/my_picasso_test/ESPCN_x3.pb
INFO:root:Image enhanced and saved to ./Output/random_frame_with_crop.jpg
DEBUG:root:Model path: /home/uizwmuha/bucket/my_picasso_test/ESPCN_x3.pb
INFO:root:Image enhanced and saved to ./Output/random_frame_with_crop.jpg
DEBUG:root:Model path: /home/uizwmuha/bucket/my_picasso_test/ESPCN_x3.pb
ERROR:root:Error enhancing the image: OpenCV(4.9.0) /io/opencv/modules/imgproc/src/filter.simd.hpp:3294: error: (-213:The function/feature is not implemented) Unsupported combination of source format (=16), and destination format (=17) in function 'getLinearFilter'

DEBUG:root:Model path: /home/uizwmuha/bucket/my_picasso_test/ESPCN_x3.pb
ERROR:root:Error enhancing the image: OpenCV(4.9.0) /io/opencv/modules/imgproc/src/filter.simd.hpp:3294: error: (-213:The function/feature is not implemented) Unsupported combination of source format (=16), and destination format (=17) in function 'getLinearFilter'

DEBUG:root:Model path: /home/uizwmuha/bucket/my_picasso_test/ESPCN_x3.pb
INFO:root:Image enhanced and saved to ./Output/random_frame_with_crop.jpg
DEBUG:root:Model path: /home/uizwmuha/bucket/my_picasso_test/ESPCN_x3.pb
INFO:root:Image enhanced and saved to ./Output/random_frame_with_crop.jpg
DEBUG:root:Model path: /home/uizwmuha/bucket/my_picasso_test/ESPCN_x3.pb
INFO:root:Image enhanced and saved to ./Output/random_frame_with_crop.jpg
DEBUG:root:Model path: /home/uizwmuha/bucket/my_picasso_test/ESPCN_x3.pb
INFO:root:Image enhanced and saved to ./Output/random_frame_with_crop.jpg
DEBUG:root:Model path: /home/uizwmuha/bucket/my_picasso_test/ESPCN_x3.pb
INFO:root:Image enhanced and saved to ./Output/random_frame_with_crop.jpg
DEBUG:root:Model path: /home/uizwmuha/bucket/my_picasso_test/ESPCN_x3.pb
INFO:root:Image enhanced and saved to ./Output/random_frame_with_crop.jpg
DEBUG:root:Model path: /home/uizwmuha/bucket/my_picasso_test/ESPCN_x3.pb
INFO:root:Image enhanced and saved to ./Output/random_frame_with_crop.jpg
DEBUG:root:Model path: /home/uizwmuha/bucket/my_picasso_test/ESPCN_x3.pb
INFO:root:Image enhanced and saved to ./Output/random_frame_with_crop.jpg
DEBUG:root:Model path: /home/uizwmuha/bucket/my_picasso_test/ESPCN_x3.pb
INFO:root:Image enhanced and saved to ./Output/random_frame_with_crop.jpg
DEBUG:root:Model path: /home/uizwmuha/bucket/my_picasso_test/ESPCN_x3.pb
INFO:root:Image enhanced and saved to ./Output/random_frame_with_crop.jpg
DEBUG:root:Model path: /home/uizwmuha/bucket/my_picasso_test/ESPCN_x3.pb
INFO:root:Image enhanced and saved to ./Output/random_frame_with_crop.jpg
DEBUG:root:Model path: /home/uizwmuha/bucket/my_picasso_test/ESPCN_x3.pb
INFO:root:Image enhanced and saved to ./Output/random_frame_with_crop.jpg
DEBUG:root:Model path: /home/uizwmuha/bucket/my_picasso_test/ESPCN_x3.pb
INFO:root:Image enhanced and saved to ./Output/random_frame_with_crop.jpg
DEBUG:root:Model path: /home/uizwmuha/bucket/my_picasso_test/ESPCN_x3.pb
INFO:root:Image enhanced and saved to ./Output/random_frame_with_crop.jpg
DEBUG:root:Model path: /home/uizwmuha/bucket/Astro_project/Picasso/my_picasso_test/ESPCN_x3.pb
INFO:root:Image enhanced and saved to ./Output/random_frame_with_crop.jpg
DEBUG:root:Model path: /home/uizwmuha/bucket/Astro_project/Picasso/my_picasso_test/ESPCN_x3.pb
INFO:root:Image enhanced and saved to ./Output/random_frame_with_crop.jpg
DEBUG:root:Model path: /home/uizwmuha/bucket/Astro_project/Picasso/my_picasso_test/ESPCN_x3.pb
INFO:root:Image enhanced and saved to ./Output/random_frame_with_crop.jpg
DEBUG:root:Model path: /home/uizwmuha/bucket/Astro_project/Picasso/my_picasso_test/ESPCN_x3.pb
INFO:root:Image enhanced and saved to ./Output/random_frame_with_crop.jpg
DEBUG:root:Model path: /home/uizwmuha/bucket/Astro_project/Picasso/my_picasso_test/ESPCN_x3.pb
INFO:root:Image enhanced and saved to ./Output/random_frame_with_crop.jpg
DEBUG:root:Model path: /home/uizwmuha/bucket/Astro_project/Picasso/my_picasso_test/ESPCN_x3.pb
INFO:root:Image enhanced and saved to ./Output/random_frame_with_crop.jpg
DEBUG:root:Model path: /home/uizwmuha/bucket/Astro_project/Picasso/my_picasso_test/ESPCN_x3.pb
INFO:root:Image enhanced and saved to ./Output/random_frame_with_crop.jpg
DEBUG:root:Model path: /home/uizwmuha/bucket/Astro_project/Picasso/my_picasso_test/ESPCN_x3.pb
INFO:root:Image enhanced and saved to ./Output/random_frame_with_crop.jpg
DEBUG:root:Model path: /home/uizwmuha/bucket/Astro_project/Picasso/my_picasso_test/ESPCN_x3.pb
INFO:root:Image enhanced and saved to ./Output/random_frame_with_crop.jpg
DEBUG:root:Model path: /home/uizwmuha/bucket/Astro_project/Picasso/my_picasso_test/ESPCN_x3.pb
INFO:root:Image enhanced and saved to ./Output/random_frame_with_crop.jpg
DEBUG:root:Model path: /home/uizwmuha/bucket/Astro_project/Picasso/my_picasso_test/ESPCN_x3.pb
INFO:root:Image enhanced and saved to ./Output/random_frame_with_crop.jpg
DEBUG:root:Model path: /home/uizwmuha/bucket/Astro_project/Picasso/my_picasso_test/ESPCN_x3.pb
INFO:root:Image enhanced and saved to ./Output/random_frame_with_crop.jpg
DEBUG:root:Model path: /home/uizwmuha/bucket/Astro_project/Picasso/my_picasso_test/ESPCN_x3.pb
INFO:root:Image enhanced and saved to ./Output/random_frame_with_crop.jpg
DEBUG:root:Model path: /home/uizwmuha/bucket/Astro_project/Picasso/my_picasso_test/ESPCN_x3.pb
INFO:root:Image enhanced and saved to ./Output/random_frame_with_crop.jpg
DEBUG:root:Model path: /home/uizwmuha/bucket/Astro_project/Picasso/my_picasso_test/ESPCN_x3.pb
INFO:root:Image enhanced and saved to ./Output/random_frame_with_crop.jpg
DEBUG:root:Model path: /home/uizwmuha/bucket/Astro_project/Picasso/my_picasso_test/ESPCN_x3.pb
INFO:root:Image enhanced and saved to ./Output/random_frame_with_crop.jpg
DEBUG:root:Model path: /home/uizwmuha/bucket/Astro_project/Picasso/my_picasso_test/ESPCN_x3.pb
INFO:root:Image enhanced and saved to ./Output/random_frame_with_crop.jpg
DEBUG:root:Model path: /home/uizwmuha/bucket/Astro_project/Picasso/my_picasso_test/ESPCN_x3.pb
INFO:root:Image enhanced and saved to ./Output/random_frame_with_crop.jpg
DEBUG:root:Model path: /home/uizwmuha/bucket/Astro_project/Picasso/my_picasso_test/ESPCN_x3.pb
INFO:root:Image enhanced and saved to ./Output/random_frame_with_crop.jpg
DEBUG:root:Model path: /home/uizwmuha/bucket/Astro_project/Picasso/my_picasso_test/ESPCN_x3.pb
INFO:root:Image enhanced and saved to ./Output/random_frame_with_crop.jpg
DEBUG:root:Model path: /home/uizwmuha/bucket/Astro_project/Picasso/my_picasso_test/ESPCN_x3.pb
INFO:root:Image enhanced and saved to ./Output/random_frame_with_crop.jpg
ERROR:root:Error enhancing the image: module 'cv2.dnn_superres' has no attribute 'DnnSuperResImpl'
ERROR:root:Error enhancing the image: module 'cv2.dnn_superres' has no attribute 'DnnSuperResImpl'
ERROR:root:Error enhancing the image: module 'cv2.dnn_superres' has no attribute 'DnnSuperResImpl'
ERROR:root:Error enhancing the image: module 'cv2.dnn_superres' has no attribute 'DnnSuperResImpl'
ERROR:root:Error enhancing the image: module 'cv2.dnn_superres' has no attribute 'DnnSuperResImpl'
ERROR:root:Error enhancing the image: module 'cv2.dnn_superres' has no attribute 'DnnSuperResImpl'
ERROR:root:Error enhancing the image: module 'cv2.dnn_superres' has no attribute 'DnnSuperResImpl'
ERROR:root:Error enhancing the image: module 'cv2.dnn_superres' has no attribute 'DnnSuperResImpl'
ERROR:root:Error enhancing the image: module 'cv2.dnn_superres' has no attribute 'DnnSuperResImpl'
ERROR:root:Error enhancing the image: module 'cv2.dnn_superres' has no attribute 'DnnSuperResImpl'
ERROR:root:Error enhancing the image: module 'cv2.dnn_superres' has no attribute 'DnnSuperResImpl'
ERROR:root:Error enhancing the image: module 'cv2.dnn_superres' has no attribute 'DnnSuperResImpl'
ERROR:root:Error enhancing the image: module 'cv2.dnn_superres' has no attribute 'DnnSuperResImpl'
ERROR:root:Error enhancing the image: module 'cv2.dnn_superres' has no attribute 'DnnSuperResImpl'
ERROR:root:Error enhancing the image: module 'cv2.dnn_superres' has no attribute 'DnnSuperResImpl'
ERROR:root:Error enhancing the image: module 'cv2.dnn_superres' has no attribute 'DnnSuperResImpl'
ERROR:root:Error enhancing the image: module 'cv2.dnn_superres' has no attribute 'DnnSuperResImpl'
ERROR:root:Error enhancing the image: module 'cv2.dnn_superres' has no attribute 'DnnSuperResImpl'
ERROR:root:Error enhancing the image: module 'cv2.dnn_superres' has no attribute 'DnnSuperResImpl'
ERROR:root:Error enhancing the image: module 'cv2.dnn_superres' has no attribute 'DnnSuperResImpl'
ERROR:root:Error enhancing the image: module 'cv2.dnn_superres' has no attribute 'DnnSuperResImpl'
ERROR:root:Error enhancing the image: module 'cv2.dnn_superres' has no attribute 'DnnSuperResImpl'
ERROR:root:Error enhancing the image: module 'cv2.dnn_superres' has no attribute 'DnnSuperResImpl'
ERROR:root:Error enhancing the image: module 'cv2.dnn_superres' has no attribute 'DnnSuperResImpl'
ERROR:root:Error enhancing the image: module 'cv2.dnn_superres' has no attribute 'DnnSuperResImpl'
ERROR:root:Error enhancing the image: module 'cv2.dnn_superres' has no attribute 'DnnSuperResImpl'
ERROR:root:Error enhancing the image: module 'cv2.dnn_superres' has no attribute 'DnnSuperResImpl'
ERROR:root:Error enhancing the image: module 'cv2.dnn_superres' has no attribute 'DnnSuperResImpl'
ERROR:root:Error enhancing the image: module 'cv2.dnn_superres' has no attribute 'DnnSuperResImpl'
ERROR:root:Error enhancing the image: module 'cv2.dnn_superres' has no attribute 'DnnSuperResImpl'
